<?xml version="1.0" encoding="UTF-8"?>
<testsuite name="com.example.demo1.Demo1ApplicationTests" tests="1" skipped="0" failures="0" errors="0" timestamp="2023-10-12T15:40:08" hostname="SPHZ" time="0.574">
  <properties/>
  <testcase name="contextLoads()" classname="com.example.demo1.Demo1ApplicationTests" time="0.574"/>
  <system-out><![CDATA[23:40:07.416 [Test worker] INFO org.springframework.test.context.support.AnnotationConfigContextLoaderUtils -- Could not detect default configuration classes for test class [com.example.demo1.Demo1ApplicationTests]: Demo1ApplicationTests does not declare any static, non-private, non-final, nested classes annotated with @Configuration.
23:40:07.496 [Test worker] INFO org.springframework.boot.test.context.SpringBootTestContextBootstrapper -- Found @SpringBootConfiguration com.example.demo1.Demo1Application for test class com.example.demo1.Demo1ApplicationTests

  .   ____          _            __ _ _
 /\\ / ___'_ __ _ _(_)_ __  __ _ \ \ \ \
( ( )\___ | '_ | '_| | '_ \/ _` | \ \ \ \
 \\/  ___)| |_)| | | | | || (_| |  ) ) ) )
  '  |____| .__|_| |_|_| |_\__, | / / / /
 =========|_|==============|___/=/_/_/_/
 :: Spring Boot ::                (v3.1.4)

2023-10-12T23:40:07.817+08:00  INFO 15884 --- [    Test worker] c.example.demo1.Demo1ApplicationTests    : Starting Demo1ApplicationTests using Java 17.0.6 with PID 15884 (started by SPHZ in D:\SpringBootStudy\src\Demo1)
2023-10-12T23:40:07.818+08:00  INFO 15884 --- [    Test worker] c.example.demo1.Demo1ApplicationTests    : No active profile set, falling back to 1 default profile: "default"
2023-10-12T23:40:08.670+08:00  INFO 15884 --- [    Test worker] c.example.demo1.Demo1ApplicationTests    : Started Demo1ApplicationTests in 1.018 seconds (process running for 1.924)
]]></system-out>
  <system-err><![CDATA[]]></system-err>
</testsuite>
